<?xml version="1.0" encoding="UTF-8"?>
<!-- Generated by org.testng.reporters.JUnitXMLReporter -->
<testsuite ignored="0" hostname="DESKTOP-E33SVFH" failures="2" tests="3" name="Command line test" time="12.125" errors="0" timestamp="2021-08-13T15:43:48 MSK">
  <testcase classname="GoogleSearchTest" name="Test1" time="3.136">
    <failure type="java.lang.AssertionError" message="expected [Hello, world! РљР°СЂС‚Р° РґР»СЏ С‚РµС…, РєС‚Рѕ Р»РµС‚Р°РµС‚ | РњРўР‘Р°РЅРє] but found [Hello, world! Карта для тех, кто летает | МТБанк]">
      <![CDATA[java.lang.AssertionError: expected [Hello, world! РљР°СЂС‚Р° РґР»СЏ С‚РµС…, РєС‚Рѕ Р»РµС‚Р°РµС‚ | РњРўР‘Р°РЅРє] but found [Hello, world! Карта для тех, кто летает | МТБанк]
at GoogleSearchTest.Test1(GoogleSearchTest.java:27)
at java.base/java.util.ArrayList.forEach(ArrayList.java:1541)
... Removed 42 stack frames]]>
    </failure>
  </testcase> <!-- Test1 -->
  <testcase classname="GoogleSearchTest" name="Test2" time="6.539"/>
  <testcase classname="GoogleSearchTest" name="Test3" time="2.426">
    <failure type="java.lang.AssertionError" message="expected [РџРѕ Р·Р°РїСЂРѕСЃСѓ // РЅРёС‡РµРіРѕ РЅРµ РЅР°Р№РґРµРЅРѕ. ] but found [По запросу // ничего не найдено. ]">
      <![CDATA[java.lang.AssertionError: expected [РџРѕ Р·Р°РїСЂРѕСЃСѓ // РЅРёС‡РµРіРѕ РЅРµ РЅР°Р№РґРµРЅРѕ. ] but found [По запросу // ничего не найдено. ]
at GoogleSearchTest.Test3(GoogleSearchTest.java:91)
at java.base/java.util.ArrayList.forEach(ArrayList.java:1541)
... Removed 42 stack frames]]>
    </failure>
  </testcase> <!-- Test3 -->
</testsuite> <!-- Command line test -->
